<?xml version="1.0" encoding="UTF-8"?>
<!-- Generated by org.testng.reporters.JUnitXMLReporter -->
<testsuite ignored="0" hostname="DESKTOP-08KK0IC" failures="0" tests="3" name="firefoxtest" time="12.089" errors="0" timestamp="2025-02-18T16:22:28 IST">
  <testcase classname="day19.ParamTest" name="testLogo" time="0.042"/>
  <testcase classname="day19.ParamTest" name="testTitle" time="0.004"/>
  <testcase classname="day19.ParamTest" name="testURL" time="0.004"/>
</testsuite> <!-- firefoxtest -->
