<?xml version="1.0" encoding="UTF-8"?>
<!-- Generated by org.testng.reporters.JUnitXMLReporter -->
<testsuite ignored="0" hostname="DESKTOP-08KK0IC" failures="0" tests="7" name="my tests" time="7.895" errors="0" timestamp="2025-02-16T11:37:25 IST">
  <testcase classname="day16_TestNg.OrangeHRMTest" name="openapp" time="4.464"/>
  <testcase classname="day16_TestNg.OrangeHRMTest" name="testLogo" time="3.067"/>
  <testcase classname="day16_TestNg.OrangeHRMTest" name="testLogin" time="0.157"/>
  <testcase classname="day16_TestNg.OrangeHRMTest" name="closeApp" time="0.145"/>
  <testcase classname="day16_TestNg.FirstTestCase" name="openapp" time="0.001"/>
  <testcase classname="day16_TestNg.FirstTestCase" name="login" time="0.001"/>
  <testcase classname="day16_TestNg.FirstTestCase" name="logout" time="0.002"/>
</testsuite> <!-- my tests -->
